0 info it worked if it ends with ok
1 verbose cli [ '/usr/bin/nodejs', '/usr/bin/npm', 'run', 'watch' ]
2 info using npm@3.10.10
3 info using node@v6.10.2
4 verbose run-script [ 'prewatch', 'watch', 'postwatch' ]
5 info lifecycle of2@1.0.0~prewatch: of2@1.0.0
6 silly lifecycle of2@1.0.0~prewatch: no script for prewatch, continuing
7 info lifecycle of2@1.0.0~watch: of2@1.0.0
8 verbose lifecycle of2@1.0.0~watch: unsafe-perm in lifecycle true
9 verbose lifecycle of2@1.0.0~watch: PATH: /usr/lib/node_modules/npm/bin/node-gyp-bin:/home/davydka/of/apps/Sites/of2/node_modules/.bin:/home/davydka/.npm-global/bin:/home/davydka/.npm-global/bin:/usr/local/sbin:/usr/local/bin:/usr/sbin:/usr/bin:/sbin:/bin:/usr/games:/usr/local/games
10 verbose lifecycle of2@1.0.0~watch: CWD: /home/davydka/of/apps/Sites/of2
11 silly lifecycle of2@1.0.0~watch: Args: [ '-c', 'nodemon -w src -x "make && make run" -e ".cpp"' ]
12 silly lifecycle of2@1.0.0~watch: Returned: code: 1  signal: null
13 info lifecycle of2@1.0.0~watch: Failed to exec watch script
14 verbose stack Error: of2@1.0.0 watch: `nodemon -w src -x "make && make run" -e ".cpp"`
14 verbose stack Exit status 1
14 verbose stack     at EventEmitter.<anonymous> (/usr/lib/node_modules/npm/lib/utils/lifecycle.js:255:16)
14 verbose stack     at emitTwo (events.js:106:13)
14 verbose stack     at EventEmitter.emit (events.js:191:7)
14 verbose stack     at ChildProcess.<anonymous> (/usr/lib/node_modules/npm/lib/utils/spawn.js:40:14)
14 verbose stack     at emitTwo (events.js:106:13)
14 verbose stack     at ChildProcess.emit (events.js:191:7)
14 verbose stack     at maybeClose (internal/child_process.js:886:16)
14 verbose stack     at Process.ChildProcess._handle.onexit (internal/child_process.js:226:5)
15 verbose pkgid of2@1.0.0
16 verbose cwd /home/davydka/of/apps/Sites/of2
17 error Linux 4.4.0-72-generic
18 error argv "/usr/bin/nodejs" "/usr/bin/npm" "run" "watch"
19 error node v6.10.2
20 error npm  v3.10.10
21 error code ELIFECYCLE
22 error of2@1.0.0 watch: `nodemon -w src -x "make && make run" -e ".cpp"`
22 error Exit status 1
23 error Failed at the of2@1.0.0 watch script 'nodemon -w src -x "make && make run" -e ".cpp"'.
23 error Make sure you have the latest version of node.js and npm installed.
23 error If you do, this is most likely a problem with the of2 package,
23 error not with npm itself.
23 error Tell the author that this fails on your system:
23 error     nodemon -w src -x "make && make run" -e ".cpp"
23 error You can get information on how to open an issue for this project with:
23 error     npm bugs of2
23 error Or if that isn't available, you can get their info via:
23 error     npm owner ls of2
23 error There is likely additional logging output above.
24 verbose exit [ 1, true ]
